<?xml version="1.0" encoding="UTF-8"?>
<!-- Generated by org.testng.reporters.JUnitReportReporter -->
<testsuite hostname="DESKTOP-QLT7FBF" failures="0" tests="1" name="TestRunnerPackage.TestRunner" time="10.483" errors="0" timestamp="2 Jul 2021 05:39:54 GMT">
  <testcase classname="TestRunnerPackage.TestRunner" name="feature" time="10.483"/>
</testsuite> <!-- TestRunnerPackage.TestRunner -->
