<?xml version="1.0" encoding="UTF-8"?>
<!-- Generated by org.testng.reporters.JUnitReportReporter -->
<testsuite hostname="DESKTOP-QLT7FBF" failures="0" tests="1" name="TestRunnerPackage.TestRunner" time="19.509" errors="0" timestamp="2021-07-01T22:49:02 GMT-07:00" skipped="0">
  <testcase classname="TestRunnerPackage.TestRunner" name="feature" time="19.509"/>
  <system-out/>
</testsuite> <!-- TestRunnerPackage.TestRunner -->
